<?xml version="1.0" encoding="UTF-8"?>
<!-- Generated by org.testng.reporters.JUnitXMLReporter -->
<testsuite ignored="0" hostname="shah4corp" failures="12" tests="31" name="Test" time="103.988" errors="0" timestamp="2025-07-12T12:47:47 IST">
  <testcase classname="tutorialsninja.register.TestCaseRegisterFunctionality004" name="verifyRegistringAccountWithoutFillFields" time="1.789"/>
  <testcase classname="tutorialsninja.register.TestCaseRegisterFunctionality005" name="verifyRegisteringAccountBySubscribingToNewsletter" time="7.211"/>
  <testcase classname="tutorialsninja.register.TestCaseRegisterFunctionality002" name="verifyRegisteringWithAllFields" time="6.57"/>
  <testcase classname="tutorialsninja.register.TestCaseRegisterFunctionality001" name="verifyRegisteringWithMandatoyFields" time="10.3">
    <failure type="org.openqa.selenium.NoSuchElementException" message="no such element: Unable to locate element: {&amp;quot;method&amp;quot;:&amp;quot;link text&amp;quot;,&amp;quot;selector&amp;quot;:&amp;quot;Logout&amp;quot;}
  (Session info: chrome=138.0.7204.101)
For documentation on this error, please visit: https://www.selenium.dev/documentation/webdriver/troubleshooting/errors#no-such-element-exception
Build info: version: &amp;apos;4.33.0&amp;apos;, revision: &amp;apos;2c6aaad03a&amp;apos;
System info: os.name: &amp;apos;Windows 11&amp;apos;, os.arch: &amp;apos;amd64&amp;apos;, os.version: &amp;apos;10.0&amp;apos;, java.version: &amp;apos;21.0.4&amp;apos;
Driver info: org.openqa.selenium.chrome.ChromeDriver
Command: [0193f43b96d7d02663b56125ab8ba871, findElement {value=Logout, using=link text}]
Capabilities {acceptInsecureCerts: false, browserName: chrome, browserVersion: 138.0.7204.101, chrome: {chromedriverVersion: 138.0.7204.94 (545025748884..., userDataDir: C:\Users\shah4\AppData\Loca...}, fedcm:accounts: true, goog:chromeOptions: {debuggerAddress: localhost:56902}, networkConnectionEnabled: false, pageLoadStrategy: normal, platformName: windows, proxy: Proxy(), se:cdp: ws://localhost:56902/devtoo..., se:cdpVersion: 138.0.7204.101, setWindowRect: true, strictFileInteractability: false, timeouts: {implicit: 0, pageLoad: 300000, script: 30000}, unhandledPromptBehavior: dismiss and notify, webauthn:extension:credBlob: true, webauthn:extension:largeBlob: true, webauthn:extension:minPinLength: true, webauthn:extension:prf: true, webauthn:virtualAuthenticators: true}
Session ID: 0193f43b96d7d02663b56125ab8ba871">
      <![CDATA[org.openqa.selenium.NoSuchElementException: no such element: Unable to locate element: {"method":"link text","selector":"Logout"}
  (Session info: chrome=138.0.7204.101)
For documentation on this error, please visit: https://www.selenium.dev/documentation/webdriver/troubleshooting/errors#no-such-element-exception
Build info: version: '4.33.0', revision: '2c6aaad03a'
System info: os.name: 'Windows 11', os.arch: 'amd64', os.version: '10.0', java.version: '21.0.4'
Driver info: org.openqa.selenium.chrome.ChromeDriver
Command: [0193f43b96d7d02663b56125ab8ba871, findElement {value=Logout, using=link text}]
Capabilities {acceptInsecureCerts: false, browserName: chrome, browserVersion: 138.0.7204.101, chrome: {chromedriverVersion: 138.0.7204.94 (545025748884..., userDataDir: C:\Users\shah4\AppData\Loca...}, fedcm:accounts: true, goog:chromeOptions: {debuggerAddress: localhost:56902}, networkConnectionEnabled: false, pageLoadStrategy: normal, platformName: windows, proxy: Proxy(), se:cdp: ws://localhost:56902/devtoo..., se:cdpVersion: 138.0.7204.101, setWindowRect: true, strictFileInteractability: false, timeouts: {implicit: 0, pageLoad: 300000, script: 30000}, unhandledPromptBehavior: dismiss and notify, webauthn:extension:credBlob: true, webauthn:extension:largeBlob: true, webauthn:extension:minPinLength: true, webauthn:extension:prf: true, webauthn:virtualAuthenticators: true}
Session ID: 0193f43b96d7d02663b56125ab8ba871
at org.openqa.selenium.remote.ErrorCodec.decode(ErrorCodec.java:167)
at org.openqa.selenium.remote.codec.w3c.W3CHttpResponseCodec.decode(W3CHttpResponseCodec.java:138)
at org.openqa.selenium.remote.codec.w3c.W3CHttpResponseCodec.decode(W3CHttpResponseCodec.java:50)
at org.openqa.selenium.remote.HttpCommandExecutor.execute(HttpCommandExecutor.java:215)
at org.openqa.selenium.remote.service.DriverCommandExecutor.invokeExecute(DriverCommandExecutor.java:216)
at org.openqa.selenium.remote.service.DriverCommandExecutor.execute(DriverCommandExecutor.java:174)
at org.openqa.selenium.remote.RemoteWebDriver.execute(RemoteWebDriver.java:544)
at org.openqa.selenium.remote.ElementLocation$ElementFinder$2.findElement(ElementLocation.java:165)
at org.openqa.selenium.remote.ElementLocation.findElement(ElementLocation.java:59)
at org.openqa.selenium.remote.RemoteWebDriver.findElement(RemoteWebDriver.java:367)
at org.openqa.selenium.remote.RemoteWebDriver.findElement(RemoteWebDriver.java:361)
at tutorialsninja.register.TestCaseRegisterFunctionality001.verifyRegisteringWithMandatoyFields(TestCaseRegisterFunctionality001.java:43)
at java.base/java.util.concurrent.Executors$RunnableAdapter.call(Executors.java:572)
at java.base/java.util.concurrent.FutureTask.run(FutureTask.java:317)
at java.base/java.util.concurrent.ThreadPoolExecutor.runWorker(ThreadPoolExecutor.java:1144)
at java.base/java.util.concurrent.ThreadPoolExecutor$Worker.run(ThreadPoolExecutor.java:642)
at java.base/java.lang.Thread.run(Thread.java:1583)
... Removed 14 stack frames]]>
    </failure>
  </testcase> <!-- verifyRegisteringWithMandatoyFields -->
  <testcase classname="tutorialsninja.register.TestCaseRegisterFunctionality006" name="verifyRegisteringAccountBySayingNoToNewsletter" time="10.321">
    <failure type="org.openqa.selenium.NoSuchElementException" message="no such element: Unable to locate element: {&amp;quot;method&amp;quot;:&amp;quot;link text&amp;quot;,&amp;quot;selector&amp;quot;:&amp;quot;Continue&amp;quot;}
  (Session info: chrome=138.0.7204.101)
For documentation on this error, please visit: https://www.selenium.dev/documentation/webdriver/troubleshooting/errors#no-such-element-exception
Build info: version: &amp;apos;4.33.0&amp;apos;, revision: &amp;apos;2c6aaad03a&amp;apos;
System info: os.name: &amp;apos;Windows 11&amp;apos;, os.arch: &amp;apos;amd64&amp;apos;, os.version: &amp;apos;10.0&amp;apos;, java.version: &amp;apos;21.0.4&amp;apos;
Driver info: org.openqa.selenium.chrome.ChromeDriver
Command: [facdfcf98f8984b0478ac54dbba8a54b, findElement {value=Continue, using=link text}]
Capabilities {acceptInsecureCerts: false, browserName: chrome, browserVersion: 138.0.7204.101, chrome: {chromedriverVersion: 138.0.7204.94 (545025748884..., userDataDir: C:\Users\shah4\AppData\Loca...}, fedcm:accounts: true, goog:chromeOptions: {debuggerAddress: localhost:56905}, networkConnectionEnabled: false, pageLoadStrategy: normal, platformName: windows, proxy: Proxy(), se:cdp: ws://localhost:56905/devtoo..., se:cdpVersion: 138.0.7204.101, setWindowRect: true, strictFileInteractability: false, timeouts: {implicit: 0, pageLoad: 300000, script: 30000}, unhandledPromptBehavior: dismiss and notify, webauthn:extension:credBlob: true, webauthn:extension:largeBlob: true, webauthn:extension:minPinLength: true, webauthn:extension:prf: true, webauthn:virtualAuthenticators: true}
Session ID: facdfcf98f8984b0478ac54dbba8a54b">
      <![CDATA[org.openqa.selenium.NoSuchElementException: no such element: Unable to locate element: {"method":"link text","selector":"Continue"}
  (Session info: chrome=138.0.7204.101)
For documentation on this error, please visit: https://www.selenium.dev/documentation/webdriver/troubleshooting/errors#no-such-element-exception
Build info: version: '4.33.0', revision: '2c6aaad03a'
System info: os.name: 'Windows 11', os.arch: 'amd64', os.version: '10.0', java.version: '21.0.4'
Driver info: org.openqa.selenium.chrome.ChromeDriver
Command: [facdfcf98f8984b0478ac54dbba8a54b, findElement {value=Continue, using=link text}]
Capabilities {acceptInsecureCerts: false, browserName: chrome, browserVersion: 138.0.7204.101, chrome: {chromedriverVersion: 138.0.7204.94 (545025748884..., userDataDir: C:\Users\shah4\AppData\Loca...}, fedcm:accounts: true, goog:chromeOptions: {debuggerAddress: localhost:56905}, networkConnectionEnabled: false, pageLoadStrategy: normal, platformName: windows, proxy: Proxy(), se:cdp: ws://localhost:56905/devtoo..., se:cdpVersion: 138.0.7204.101, setWindowRect: true, strictFileInteractability: false, timeouts: {implicit: 0, pageLoad: 300000, script: 30000}, unhandledPromptBehavior: dismiss and notify, webauthn:extension:credBlob: true, webauthn:extension:largeBlob: true, webauthn:extension:minPinLength: true, webauthn:extension:prf: true, webauthn:virtualAuthenticators: true}
Session ID: facdfcf98f8984b0478ac54dbba8a54b
at org.openqa.selenium.remote.ErrorCodec.decode(ErrorCodec.java:167)
at org.openqa.selenium.remote.codec.w3c.W3CHttpResponseCodec.decode(W3CHttpResponseCodec.java:138)
at org.openqa.selenium.remote.codec.w3c.W3CHttpResponseCodec.decode(W3CHttpResponseCodec.java:50)
at org.openqa.selenium.remote.HttpCommandExecutor.execute(HttpCommandExecutor.java:215)
at org.openqa.selenium.remote.service.DriverCommandExecutor.invokeExecute(DriverCommandExecutor.java:216)
at org.openqa.selenium.remote.service.DriverCommandExecutor.execute(DriverCommandExecutor.java:174)
at org.openqa.selenium.remote.RemoteWebDriver.execute(RemoteWebDriver.java:544)
at org.openqa.selenium.remote.ElementLocation$ElementFinder$2.findElement(ElementLocation.java:165)
at org.openqa.selenium.remote.ElementLocation.findElement(ElementLocation.java:59)
at org.openqa.selenium.remote.RemoteWebDriver.findElement(RemoteWebDriver.java:367)
at org.openqa.selenium.remote.RemoteWebDriver.findElement(RemoteWebDriver.java:361)
at tutorialsninja.register.TestCaseRegisterFunctionality006.verifyRegisteringAccountBySayingNoToNewsletter(TestCaseRegisterFunctionality006.java:50)
at java.base/java.util.concurrent.Executors$RunnableAdapter.call(Executors.java:572)
at java.base/java.util.concurrent.FutureTask.run(FutureTask.java:317)
at java.base/java.util.concurrent.ThreadPoolExecutor.runWorker(ThreadPoolExecutor.java:1144)
at java.base/java.util.concurrent.ThreadPoolExecutor$Worker.run(ThreadPoolExecutor.java:642)
at java.base/java.lang.Thread.run(Thread.java:1583)
... Removed 14 stack frames]]>
    </failure>
  </testcase> <!-- verifyRegisteringAccountBySayingNoToNewsletter -->
  <testcase classname="tutorialsninja.register.TestCaseRegisterFunctionality007" name="verifyNavigatingToRegisterAccountUsingMultipleWay" time="4.951"/>
  <testcase classname="tutorialsninja.register.TestCaseRegisterFunctionality010" name="verifyRegisteringUsingInvalidEmailPlusOffline" time="0.013">
    <failure type="java.lang.Error" message="Unresolved compilation problems: 
	browserName cannot be resolved
	browserName cannot be resolved
	browserName cannot be resolved
	browserName cannot be resolved
	browserName cannot be resolved
	browserName cannot be resolved
	browserName cannot be resolved
	browserName cannot be resolved
	browserName cannot be resolved
">
      <![CDATA[java.lang.Error: Unresolved compilation problems: 
browserName cannot be resolved
browserName cannot be resolved
browserName cannot be resolved
browserName cannot be resolved
browserName cannot be resolved
browserName cannot be resolved
browserName cannot be resolved
browserName cannot be resolved
browserName cannot be resolved

at tutorialsninja.register.TestCaseRegisterFunctionality010.verifyRegisteringUsingInvalidEmailPlusOffline(TestCaseRegisterFunctionality010.java:51)
at java.base/java.util.concurrent.Executors$RunnableAdapter.call(Executors.java:572)
at java.base/java.util.concurrent.FutureTask.run(FutureTask.java:317)
at java.base/java.util.concurrent.ThreadPoolExecutor.runWorker(ThreadPoolExecutor.java:1144)
at java.base/java.util.concurrent.ThreadPoolExecutor$Worker.run(ThreadPoolExecutor.java:642)
at java.base/java.lang.Thread.run(Thread.java:1583)
... Removed 11 stack frames]]>
    </failure>
  </testcase> <!-- verifyRegisteringUsingInvalidEmailPlusOffline -->
  <testcase classname="tutorialsninja.register.TestCaseRegisterFunctionality009" name="verifyRegistringAccountUsingExistingEmail" time="6.883"/>
  <testcase classname="tutorialsninja.register.TestCaseRegisterFunctionality008" name="verifyRegisteringAccountByProvidingMismatchingPasswords" time="7.227"/>
  <testcase classname="tutorialsninja.register.TestCaseRegisterFunctionality013" name="verifyPlaceHoldersOfTextFieldsInRegisterAccountPage" time="0.444"/>
  <testcase classname="tutorialsninja.register.TestCaseRegisterFunctionality014" name="verifyMandatoryFieldsSymbolAndColorInRegisterAccountPage" time="1.033"/>
  <testcase classname="tutorialsninja.register.TestCaseRegisterFunctionality011" name="verifyRegisterAccountByProvidingInvalidTelephoneNumber" time="12.778">
    <failure type="java.lang.AssertionError" message="expected [true] but found [false]">
      <![CDATA[java.lang.AssertionError: expected [true] but found [false]
at tutorialsninja.register.TestCaseRegisterFunctionality011.verifyRegisterAccountByProvidingInvalidTelephoneNumber(TestCaseRegisterFunctionality011.java:61)
at java.base/java.util.concurrent.Executors$RunnableAdapter.call(Executors.java:572)
at java.base/java.util.concurrent.FutureTask.run(FutureTask.java:317)
at java.base/java.util.concurrent.ThreadPoolExecutor.runWorker(ThreadPoolExecutor.java:1144)
at java.base/java.util.concurrent.ThreadPoolExecutor$Worker.run(ThreadPoolExecutor.java:642)
at java.base/java.lang.Thread.run(Thread.java:1583)
... Removed 15 stack frames]]>
    </failure>
  </testcase> <!-- verifyRegisterAccountByProvidingInvalidTelephoneNumber -->
  <testcase classname="tutorialsninja.register.TestCaseRegisterFunctionality018" name="verifyRegisteringAccountFieldsHeightWidthAligment" time="0.005">
    <failure type="java.lang.Error" message="Unresolved compilation problems: 
	browserName cannot be resolved
	browserName cannot be resolved
	browserName cannot be resolved
">
      <![CDATA[java.lang.Error: Unresolved compilation problems: 
browserName cannot be resolved
browserName cannot be resolved
browserName cannot be resolved

at tutorialsninja.register.TestCaseRegisterFunctionality018.verifyRegisteringAccountFieldsHeightWidthAligment(TestCaseRegisterFunctionality018.java:437)
at java.base/java.util.concurrent.Executors$RunnableAdapter.call(Executors.java:572)
at java.base/java.util.concurrent.FutureTask.run(FutureTask.java:317)
at java.base/java.util.concurrent.ThreadPoolExecutor.runWorker(ThreadPoolExecutor.java:1144)
at java.base/java.util.concurrent.ThreadPoolExecutor$Worker.run(ThreadPoolExecutor.java:642)
at java.base/java.lang.Thread.run(Thread.java:1583)
... Removed 11 stack frames]]>
    </failure>
  </testcase> <!-- verifyRegisteringAccountFieldsHeightWidthAligment -->
  <testcase classname="tutorialsninja.register.TestCaseRegisterFunctionality016" name="verifyRegisteringAccountWithOnlySpaces" time="7.489"/>
  <testcase classname="tutorialsninja.register.TestCaseRegisterFunctionality019" name="verifyLeadingAndTrailingSpacesWhileRegisteringAccount" time="6.328">
    <failure type="java.lang.AssertionError" message="The following asserts failed:
	expected [Arun] but found [        Arun     ],
	expected [Motoori] but found [       Motoori    ],
	expected [1234567890] but found [   1234567890   ]">
      <![CDATA[java.lang.AssertionError: The following asserts failed:
expected [Arun] but found [        Arun     ],
expected [Motoori] but found [       Motoori    ],
expected [1234567890] but found [   1234567890   ]
at tutorialsninja.register.TestCaseRegisterFunctionality019.verifyLeadingAndTrailingSpacesWhileRegisteringAccount(TestCaseRegisterFunctionality019.java:62)
at java.base/java.util.concurrent.Executors$RunnableAdapter.call(Executors.java:572)
at java.base/java.util.concurrent.FutureTask.run(FutureTask.java:317)
at java.base/java.util.concurrent.ThreadPoolExecutor.runWorker(ThreadPoolExecutor.java:1144)
at java.base/java.util.concurrent.ThreadPoolExecutor$Worker.run(ThreadPoolExecutor.java:642)
at java.base/java.lang.Thread.run(Thread.java:1583)
... Removed 13 stack frames]]>
    </failure>
  </testcase> <!-- verifyLeadingAndTrailingSpacesWhileRegisteringAccount -->
  <testcase classname="tutorialsninja.register.TestCaseRegisterFunctionality020" name="verifyPrivacyPolicyFieldOnRegisterAccountPage" time="0.136"/>
  <testcase classname="tutorialsninja.register.TestCaseRegisterFunctionality017" name="verifyRegisteringAccountAndCheckingPasswordComplexityStandards" time="12.481">
    <failure type="java.lang.AssertionError" message="expected [true] but found [false]">
      <![CDATA[java.lang.AssertionError: expected [true] but found [false]
at tutorialsninja.register.TestCaseRegisterFunctionality017.verifyRegisteringAccountAndCheckingPasswordComplexityStandards(TestCaseRegisterFunctionality017.java:60)
at java.base/java.util.concurrent.Executors$RunnableAdapter.call(Executors.java:572)
at java.base/java.util.concurrent.FutureTask.run(FutureTask.java:317)
at java.base/java.util.concurrent.ThreadPoolExecutor.runWorker(ThreadPoolExecutor.java:1144)
at java.base/java.util.concurrent.ThreadPoolExecutor$Worker.run(ThreadPoolExecutor.java:642)
at java.base/java.lang.Thread.run(Thread.java:1583)
... Removed 15 stack frames]]>
    </failure>
  </testcase> <!-- verifyRegisteringAccountAndCheckingPasswordComplexityStandards -->
  <testcase classname="tutorialsninja.register.TestCaseRegisterFunctionality021" name="verifyRegisteringAccountWithoutPrivacyPolicySelection" time="4.799"/>
  <testcase classname="tutorialsninja.register.TestCaseRegisterFunctionality012" name="verifyRegisteringAccountUsingKeyboardKeys" time="25.628"/>
  <testcase classname="tutorialsninja.register.TestCaseRegisterFunctionality022" name="verifyVisibiltyTogglineOfPasswordsFieldsOnRegisterAccount" time="0.198"/>
  <testcase classname="tutorialsninja.register.TestCaseRegisterFunctionality026" name="verifyUIOfRegisterAccountPage" time="0.005">
    <failure type="java.lang.Error" message="Unresolved compilation problems: 
	browserName cannot be resolved
	browserName cannot be resolved
	browserName cannot be resolved
">
      <![CDATA[java.lang.Error: Unresolved compilation problems: 
browserName cannot be resolved
browserName cannot be resolved
browserName cannot be resolved

at tutorialsninja.register.TestCaseRegisterFunctionality026.verifyUIOfRegisterAccountPage(TestCaseRegisterFunctionality026.java:69)
at java.base/java.util.concurrent.Executors$RunnableAdapter.call(Executors.java:572)
at java.base/java.util.concurrent.FutureTask.run(FutureTask.java:317)
at java.base/java.util.concurrent.ThreadPoolExecutor.runWorker(ThreadPoolExecutor.java:1144)
at java.base/java.util.concurrent.ThreadPoolExecutor$Worker.run(ThreadPoolExecutor.java:642)
at java.base/java.lang.Thread.run(Thread.java:1583)
... Removed 11 stack frames]]>
    </failure>
  </testcase> <!-- verifyUIOfRegisterAccountPage -->
  <testcase classname="tutorialsninja.register.TestCaseRegisterFunctionality025" name="verifyBreadcrumbURLHeadingTitleOfRegisterAccountPage" time="0.311"/>
  <testcase classname="tutorialsninja.register.TestCaseRegisterFunctionality024" name="verifyRegisteringAccountWithoutEnteringPasswordIntoPasswordConfirmField" time="7.986"/>
  <testcase classname="tutorialsninja.register.TestCaseRegisterFunctionality027" name="verifyRegisteringAccountInDifferentTestEnvironments" time="4.222"/>
  <testcase classname="tutorialsninja.register.TestCaseRegisterFunctionality017" name="verifyRegisteringAccountAndCheckingPasswordComplexityStandards" time="13.134">
    <failure type="java.lang.AssertionError" message="expected [true] but found [false]">
      <![CDATA[java.lang.AssertionError: expected [true] but found [false]
at tutorialsninja.register.TestCaseRegisterFunctionality017.verifyRegisteringAccountAndCheckingPasswordComplexityStandards(TestCaseRegisterFunctionality017.java:60)
at java.base/java.util.concurrent.Executors$RunnableAdapter.call(Executors.java:572)
at java.base/java.util.concurrent.FutureTask.run(FutureTask.java:317)
at java.base/java.util.concurrent.ThreadPoolExecutor.runWorker(ThreadPoolExecutor.java:1144)
at java.base/java.util.concurrent.ThreadPoolExecutor$Worker.run(ThreadPoolExecutor.java:642)
at java.base/java.lang.Thread.run(Thread.java:1583)
... Removed 15 stack frames]]>
    </failure>
  </testcase> <!-- verifyRegisteringAccountAndCheckingPasswordComplexityStandards -->
  <testcase classname="tutorialsninja.register.TestCaseRegisterFunctionality027SingleBrowser" name="verifyRegisteringAccountInDifferentTestEnvironments" time="3.602"/>
  <testcase classname="tutorialsninja.register.TestCaseRegisterFunctionality027" name="verifyRegisteringAccountInDifferentTestEnvironments" time="3.211"/>
  <testcase classname="tutorialsninja.register.TestCaseRegisterFunctionality027" name="verifyRegisteringAccountInDifferentTestEnvironments" time="1.779"/>
  <testcase classname="tutorialsninja.register.TestCaseRegisterFunctionality017" name="verifyRegisteringAccountAndCheckingPasswordComplexityStandards" time="7.453">
    <failure type="java.lang.AssertionError" message="expected [true] but found [false]">
      <![CDATA[java.lang.AssertionError: expected [true] but found [false]
at tutorialsninja.register.TestCaseRegisterFunctionality017.verifyRegisteringAccountAndCheckingPasswordComplexityStandards(TestCaseRegisterFunctionality017.java:60)
at java.base/java.util.concurrent.Executors$RunnableAdapter.call(Executors.java:572)
at java.base/java.util.concurrent.FutureTask.run(FutureTask.java:317)
at java.base/java.util.concurrent.ThreadPoolExecutor.runWorker(ThreadPoolExecutor.java:1144)
at java.base/java.util.concurrent.ThreadPoolExecutor$Worker.run(ThreadPoolExecutor.java:642)
at java.base/java.lang.Thread.run(Thread.java:1583)
... Removed 15 stack frames]]>
    </failure>
  </testcase> <!-- verifyRegisteringAccountAndCheckingPasswordComplexityStandards -->
  <testcase classname="tutorialsninja.register.TestCaseRegisterFunctionality017" name="verifyRegisteringAccountAndCheckingPasswordComplexityStandards" time="6.47">
    <failure type="java.lang.AssertionError" message="expected [true] but found [false]">
      <![CDATA[java.lang.AssertionError: expected [true] but found [false]
at tutorialsninja.register.TestCaseRegisterFunctionality017.verifyRegisteringAccountAndCheckingPasswordComplexityStandards(TestCaseRegisterFunctionality017.java:60)
at java.base/java.util.concurrent.Executors$RunnableAdapter.call(Executors.java:572)
at java.base/java.util.concurrent.FutureTask.run(FutureTask.java:317)
at java.base/java.util.concurrent.ThreadPoolExecutor.runWorker(ThreadPoolExecutor.java:1144)
at java.base/java.util.concurrent.ThreadPoolExecutor$Worker.run(ThreadPoolExecutor.java:642)
at java.base/java.lang.Thread.run(Thread.java:1583)
... Removed 15 stack frames]]>
    </failure>
  </testcase> <!-- verifyRegisteringAccountAndCheckingPasswordComplexityStandards -->
  <testcase classname="tutorialsninja.register.TestCaseRegisterFunctionality017" name="verifyRegisteringAccountAndCheckingPasswordComplexityStandards" time="6.455">
    <failure type="java.lang.AssertionError" message="expected [true] but found [false]">
      <![CDATA[java.lang.AssertionError: expected [true] but found [false]
at tutorialsninja.register.TestCaseRegisterFunctionality017.verifyRegisteringAccountAndCheckingPasswordComplexityStandards(TestCaseRegisterFunctionality017.java:60)
at java.base/java.util.concurrent.Executors$RunnableAdapter.call(Executors.java:572)
at java.base/java.util.concurrent.FutureTask.run(FutureTask.java:317)
at java.base/java.util.concurrent.ThreadPoolExecutor.runWorker(ThreadPoolExecutor.java:1144)
at java.base/java.util.concurrent.ThreadPoolExecutor$Worker.run(ThreadPoolExecutor.java:642)
at java.base/java.lang.Thread.run(Thread.java:1583)
... Removed 15 stack frames]]>
    </failure>
  </testcase> <!-- verifyRegisteringAccountAndCheckingPasswordComplexityStandards -->
</testsuite> <!-- Test -->
